2016-03-25 09:44:51  [ main:0 ] - [ DEBUG ]  aa
2016-03-25 09:52:08  [ main:0 ] - [ ERROR ]  aa
2016-03-25 09:57:28  [ main:0 ] - [ INFO ]  aa
2016-03-25 09:58:12  [ main:0 ] - [ INFO ]  aa
2016-03-25 09:58:35  [ main:0 ] - [ INFO ]  aa
2016-03-25 09:59:11  [ main:0 ] - [ INFO ]  aa
2016-03-25 09:59:39  [ main:0 ] - [ INFO ]  aa
2016-03-25 10:00:00  [ main:0 ] - [ INFO ]  aa
2016-03-25 10:00:57  [ main:0 ] - [ INFO ]  aa
2016-03-25 10:01:45 ERROR com.study.lucene.TestLog:12 aa
2016-03-25 10:02:23 ERROR com.study.lucene.TestLog:12 aa
2016-03-25 10:02:23 ERROR com.study.lucene.TestLog:17 java.lang.ArithmeticException: / by zero
2016-03-25 10:02:35 ERROR com.study.lucene.TestLog:12 aa
2016-03-25 10:02:35 ERROR com.study.lucene.TestLog:17 / by zero
2016-03-25 10:02:59 ERROR com.study.lucene.TestLog:12 aa
2016-03-25 10:02:59 INFO com.study.lucene.TestLog:17 / by zero
2016-03-25 10:03:09 ERROR com.study.lucene.TestLog:12 aa
2016-03-25 10:03:09 INFO com.study.lucene.TestLog:17 java.lang.ArithmeticException: / by zero
2016-03-25 10:03:22 ERROR com.study.lucene.TestLog:12 aa
2016-03-25 10:03:22 INFO com.study.lucene.TestLog:17 java.lang.ArithmeticException: / by zero
2016-03-25 10:04:01 ERROR com.study.lucene.TestLog:12 aa
2016-03-25 10:04:01 INFO com.study.lucene.TestLog:17 java.lang.ArithmeticException: / by zero
2016-03-25 10:05:08 ERROR com.study.lucene.TestLog:12 aa
2016-03-25 10:05:08 INFO com.study.lucene.TestLog:17 java.lang.ArithmeticException: / by zero
2016-03-25 10:06:20 ERROR com.study.lucene.TestLog:12 aa
2016-03-25 10:06:20 INFO com.study.lucene.TestLog:17 java.lang.ArithmeticException: / by zero
2016-03-25 10:06:53 ERROR com.study.lucene.TestLog:12 aa
2016-03-25 10:06:53 INFO com.study.lucene.TestLog:17 java.lang.ArithmeticException: / by zero
2016-03-25 10:07:04 ERROR com.study.lucene.TestLog:12 aa
2016-03-25 10:07:04 INFO com.study.lucene.TestLog:17 java.lang.ArithmeticException: / by zero
2016-03-25 10:18:58 ERROR com.study.lucene.TestLog:19 aa
2016-03-25 10:18:58 INFO com.study.lucene.TestLog:24 java.lang.ArithmeticException: / by zero
2016-03-25 10:20:44 ERROR com.study.lucene.TestLog:25 aa
2016-03-25 10:20:44 INFO com.study.lucene.TestLog:30 java.lang.ArithmeticException: / by zero
2016-03-25 10:20:55 ERROR com.study.lucene.TestLog:25 aa
2016-03-25 10:20:55 INFO com.study.lucene.TestLog:30 java.lang.ArithmeticException: / by zero
2016-03-25 10:21:12 ERROR com.study.lucene.TestLog:25 aa
2016-03-25 10:21:12 INFO com.study.lucene.TestLog:30 java.lang.ArithmeticException: / by zero
2016-03-25 10:21:23 ERROR com.study.lucene.TestLog:25 aa
2016-03-25 10:21:23 INFO com.study.lucene.TestLog:30 java.lang.ArithmeticException: / by zero
2016-03-25 10:28:31 ERROR com.study.lucene.TestLog:25 aa
2016-03-25 10:28:31 INFO com.study.lucene.TestLog:30 java.lang.ArithmeticException: / by zero
2016-03-25 10:35:37 ERROR com.study.lucene.TestLog:14 aa
2016-03-25 10:35:37 INFO com.study.lucene.TestLog:19 java.lang.ArithmeticException: / by zero
2016-03-25 10:35:57 ERROR com.study.lucene.TestLog:14 aa
2016-03-25 10:35:57 INFO com.study.lucene.TestLog:19 java.lang.ArithmeticException: / by zero
2016-03-25 10:36:18 ERROR com.study.lucene.TestLog:14 aa
2016-03-25 10:36:18 INFO com.study.lucene.TestLog:19 java.lang.ArithmeticException: / by zero
2016-03-25 10:36:35 ERROR com.study.lucene.TestLog:14 aa
2016-03-25 10:36:35 INFO com.study.lucene.TestLog:19 java.lang.ArithmeticException: / by zero
2016-03-25 10:36:51 ERROR com.study.lucene.TestLog:14 aa
2016-03-25 10:36:51 INFO com.study.lucene.TestLog:19 java.lang.ArithmeticException: / by zero
2016-03-25 10:37:08 ERROR com.study.lucene.TestLog:14 aa
2016-03-25 10:37:08 INFO com.study.lucene.TestLog:19 java.lang.ArithmeticException: / by zero
2016-03-25 10:37:17 ERROR com.study.lucene.TestLog:14 aa
2016-03-25 10:37:17 ERROR com.study.lucene.TestLog:19 java.lang.ArithmeticException: / by zero
2016-03-25 10:37:32 ERROR com.study.lucene.TestLog:14 aa
2016-03-25 10:37:32 ERROR com.study.lucene.TestLog:19 java.lang.ArithmeticException: / by zero
2016-03-25 10:38:14 ERROR com.study.lucene.TestLog:14 aa
2016-03-25 10:38:14 ERROR com.study.lucene.TestLog:19 java.lang.ArithmeticException: / by zero
2016-03-25 10:38:41 ERROR com.study.lucene.TestLog:14 aa
2016-03-25 10:38:41 ERROR com.study.lucene.TestLog:19 java.lang.ArithmeticException: / by zero
2016-03-25 10:38:55 ERROR com.study.lucene.TestLog:14 aa
2016-03-25 10:39:06 ERROR com.study.lucene.TestLog:14 aa
2016-03-25 10:39:06 INFO com.study.lucene.TestLog:19 java.lang.ArithmeticException: / by zero
2016-03-25 10:41:27 ERROR com.study.lucene.TestLog:14 aa
2016-03-25 10:41:27 INFO com.study.lucene.TestLog:19 java.lang.ArithmeticException: / by zero
2016-03-25 10:42:09 ERROR com.study.lucene.TestLog.testLog(TestLog.java:14) 
	aa
2016-03-25 10:42:09 INFO com.study.lucene.TestLog.testLog(TestLog.java:19) 
	java.lang.ArithmeticException: / by zero
